<?xml version="1.0" encoding="UTF-8"?>
<!-- Generated by org.testng.reporters.JUnitReportReporter -->
<testsuite hostname="FATEEMA-PC" failures="0" tests="2" name="in.amazon.testCases.TC003" time="0.014" errors="0" timestamp="1 Dec 2019 12:13:55 GMT">
  <testcase classname="in.amazon.testCases.TC003" name="f" time="0.006"/>
  <testcase classname="in.amazon.testCases.TC003" name="a" time="0.008"/>
</testsuite> <!-- in.amazon.testCases.TC003 -->
